[2026-02-19 10:05:41,543][httpx][INFO] - HTTP Request: HEAD https://huggingface.co/google/gemma-3-1b-it/resolve/main/config.json "HTTP/1.1 200 OK"
[2026-02-19 10:05:41,838][httpx][INFO] - HTTP Request: HEAD https://huggingface.co/google/gemma-3-1b-it/resolve/main/tokenizer_config.json "HTTP/1.1 200 OK"
[2026-02-19 10:05:42,162][httpx][INFO] - HTTP Request: GET https://huggingface.co/api/models/google/gemma-3-1b-it/tree/main/additional_chat_templates?recursive=false&expand=false "HTTP/1.1 404 Not Found"
[2026-02-19 10:05:42,476][httpx][INFO] - HTTP Request: GET https://huggingface.co/api/models/google/gemma-3-1b-it/tree/main?recursive=true&expand=false "HTTP/1.1 200 OK"
[2026-02-19 10:05:44,880][httpx][INFO] - HTTP Request: HEAD https://huggingface.co/datasets/databricks/databricks-dolly-15k/resolve/main/README.md "HTTP/1.1 307 Temporary Redirect"
[2026-02-19 10:05:44,998][httpx][INFO] - HTTP Request: HEAD https://huggingface.co/api/resolve-cache/datasets/databricks/databricks-dolly-15k/bdd27f4d94b9c1f951818a7da7fd7aeea5dbff1a/README.md "HTTP/1.1 200 OK"
[2026-02-19 10:05:45,312][httpx][INFO] - HTTP Request: HEAD https://huggingface.co/datasets/databricks/databricks-dolly-15k/resolve/bdd27f4d94b9c1f951818a7da7fd7aeea5dbff1a/databricks-dolly-15k.py "HTTP/1.1 404 Not Found"
[2026-02-19 10:05:46,103][httpx][INFO] - HTTP Request: HEAD https://s3.amazonaws.com/datasets.huggingface.co/datasets/datasets/databricks/databricks-dolly-15k/databricks/databricks-dolly-15k.py "HTTP/1.1 404 Not Found"
[2026-02-19 10:05:46,717][httpx][INFO] - HTTP Request: GET https://huggingface.co/api/datasets/databricks/databricks-dolly-15k/revision/bdd27f4d94b9c1f951818a7da7fd7aeea5dbff1a "HTTP/1.1 200 OK"
[2026-02-19 10:05:47,027][httpx][INFO] - HTTP Request: HEAD https://huggingface.co/datasets/databricks/databricks-dolly-15k/resolve/bdd27f4d94b9c1f951818a7da7fd7aeea5dbff1a/.huggingface.yaml "HTTP/1.1 404 Not Found"
[2026-02-19 10:05:47,559][httpx][INFO] - HTTP Request: GET https://datasets-server.huggingface.co/info?dataset=databricks/databricks-dolly-15k "HTTP/1.1 200 OK"
[2026-02-19 10:05:47,862][httpx][INFO] - HTTP Request: GET https://huggingface.co/api/datasets/databricks/databricks-dolly-15k/tree/bdd27f4d94b9c1f951818a7da7fd7aeea5dbff1a/data?recursive=true&expand=false "HTTP/1.1 404 Not Found"
[2026-02-19 10:05:48,164][httpx][INFO] - HTTP Request: GET https://huggingface.co/api/datasets/databricks/databricks-dolly-15k/tree/bdd27f4d94b9c1f951818a7da7fd7aeea5dbff1a?recursive=false&expand=false "HTTP/1.1 200 OK"
[2026-02-19 10:05:48,525][httpx][INFO] - HTTP Request: HEAD https://huggingface.co/datasets/databricks/databricks-dolly-15k/resolve/bdd27f4d94b9c1f951818a7da7fd7aeea5dbff1a/dataset_infos.json "HTTP/1.1 404 Not Found"
[2026-02-19 10:05:55,497][httpx][INFO] - HTTP Request: HEAD https://huggingface.co/google/gemma-3-1b-it/resolve/main/config.json "HTTP/1.1 200 OK"
[2026-02-19 10:05:55,849][httpx][INFO] - HTTP Request: HEAD https://huggingface.co/google/gemma-3-1b-it/resolve/main/tokenizer_config.json "HTTP/1.1 200 OK"
[2026-02-19 10:05:56,180][httpx][INFO] - HTTP Request: GET https://huggingface.co/api/models/google/gemma-3-1b-it/tree/main/additional_chat_templates?recursive=false&expand=false "HTTP/1.1 404 Not Found"
[2026-02-19 10:05:56,481][httpx][INFO] - HTTP Request: GET https://huggingface.co/api/models/google/gemma-3-1b-it/tree/main?recursive=true&expand=false "HTTP/1.1 200 OK"
[2026-02-19 10:05:59,357][httpx][INFO] - HTTP Request: HEAD https://s3.amazonaws.com/datasets.huggingface.co/datasets/datasets/json/json.py "HTTP/1.1 200 OK"
[2026-02-19 10:06:02,176][httpx][INFO] - HTTP Request: HEAD https://huggingface.co/google/gemma-3-1b-it/resolve/main/config.json "HTTP/1.1 200 OK"
[2026-02-19 10:06:02,584][httpx][INFO] - HTTP Request: HEAD https://huggingface.co/google/gemma-3-1b-it/resolve/main/config.json "HTTP/1.1 200 OK"
[2026-02-19 10:06:03,299][httpx][INFO] - HTTP Request: HEAD https://huggingface.co/google/gemma-3-1b-it/resolve/main/generation_config.json "HTTP/1.1 200 OK"
