[2026-02-19 12:31:52,466][httpx][INFO] - HTTP Request: HEAD https://huggingface.co/google/gemma-3-1b-it/resolve/main/config.json "HTTP/1.1 200 OK"
[2026-02-19 12:31:52,823][httpx][INFO] - HTTP Request: HEAD https://huggingface.co/google/gemma-3-1b-it/resolve/main/tokenizer_config.json "HTTP/1.1 200 OK"
[2026-02-19 12:31:53,152][httpx][INFO] - HTTP Request: GET https://huggingface.co/api/models/google/gemma-3-1b-it/tree/main/additional_chat_templates?recursive=false&expand=false "HTTP/1.1 404 Not Found"
[2026-02-19 12:31:53,453][httpx][INFO] - HTTP Request: GET https://huggingface.co/api/models/google/gemma-3-1b-it/tree/main?recursive=true&expand=false "HTTP/1.1 200 OK"
[2026-02-19 12:31:55,406][httpx][INFO] - HTTP Request: HEAD https://huggingface.co/datasets/databricks/databricks-dolly-15k/resolve/main/README.md "HTTP/1.1 307 Temporary Redirect"
[2026-02-19 12:31:55,414][httpx][INFO] - HTTP Request: HEAD https://huggingface.co/api/resolve-cache/datasets/databricks/databricks-dolly-15k/bdd27f4d94b9c1f951818a7da7fd7aeea5dbff1a/README.md "HTTP/1.1 200 OK"
[2026-02-19 12:31:55,706][httpx][INFO] - HTTP Request: HEAD https://huggingface.co/datasets/databricks/databricks-dolly-15k/resolve/bdd27f4d94b9c1f951818a7da7fd7aeea5dbff1a/databricks-dolly-15k.py "HTTP/1.1 404 Not Found"
[2026-02-19 12:31:56,527][httpx][INFO] - HTTP Request: HEAD https://s3.amazonaws.com/datasets.huggingface.co/datasets/datasets/databricks/databricks-dolly-15k/databricks/databricks-dolly-15k.py "HTTP/1.1 404 Not Found"
[2026-02-19 12:31:56,830][httpx][INFO] - HTTP Request: GET https://huggingface.co/api/datasets/databricks/databricks-dolly-15k/revision/bdd27f4d94b9c1f951818a7da7fd7aeea5dbff1a "HTTP/1.1 200 OK"
[2026-02-19 12:31:57,244][httpx][INFO] - HTTP Request: HEAD https://huggingface.co/datasets/databricks/databricks-dolly-15k/resolve/bdd27f4d94b9c1f951818a7da7fd7aeea5dbff1a/.huggingface.yaml "HTTP/1.1 404 Not Found"
[2026-02-19 12:31:57,562][httpx][INFO] - HTTP Request: GET https://datasets-server.huggingface.co/info?dataset=databricks/databricks-dolly-15k "HTTP/1.1 200 OK"
[2026-02-19 12:31:57,861][httpx][INFO] - HTTP Request: GET https://huggingface.co/api/datasets/databricks/databricks-dolly-15k/tree/bdd27f4d94b9c1f951818a7da7fd7aeea5dbff1a/data?recursive=true&expand=false "HTTP/1.1 404 Not Found"
[2026-02-19 12:31:58,204][httpx][INFO] - HTTP Request: GET https://huggingface.co/api/datasets/databricks/databricks-dolly-15k/tree/bdd27f4d94b9c1f951818a7da7fd7aeea5dbff1a?recursive=false&expand=false "HTTP/1.1 200 OK"
[2026-02-19 12:31:58,568][httpx][INFO] - HTTP Request: HEAD https://huggingface.co/datasets/databricks/databricks-dolly-15k/resolve/bdd27f4d94b9c1f951818a7da7fd7aeea5dbff1a/dataset_infos.json "HTTP/1.1 404 Not Found"
[2026-02-19 12:32:01,712][httpx][INFO] - HTTP Request: HEAD https://huggingface.co/google/gemma-3-1b-it/resolve/main/config.json "HTTP/1.1 200 OK"
[2026-02-19 12:32:02,022][httpx][INFO] - HTTP Request: HEAD https://huggingface.co/google/gemma-3-1b-it/resolve/main/tokenizer_config.json "HTTP/1.1 200 OK"
[2026-02-19 12:32:02,331][httpx][INFO] - HTTP Request: GET https://huggingface.co/api/models/google/gemma-3-1b-it/tree/main/additional_chat_templates?recursive=false&expand=false "HTTP/1.1 404 Not Found"
[2026-02-19 12:32:02,699][httpx][INFO] - HTTP Request: GET https://huggingface.co/api/models/google/gemma-3-1b-it/tree/main?recursive=true&expand=false "HTTP/1.1 200 OK"
[2026-02-19 12:32:05,106][httpx][INFO] - HTTP Request: HEAD https://s3.amazonaws.com/datasets.huggingface.co/datasets/datasets/json/json.py "HTTP/1.1 200 OK"
[2026-02-19 12:32:07,883][httpx][INFO] - HTTP Request: HEAD https://huggingface.co/google/gemma-3-1b-it/resolve/main/config.json "HTTP/1.1 200 OK"
[2026-02-19 12:32:08,217][httpx][INFO] - HTTP Request: HEAD https://huggingface.co/google/gemma-3-1b-it/resolve/main/config.json "HTTP/1.1 200 OK"
[2026-02-19 12:32:08,717][httpx][INFO] - HTTP Request: HEAD https://huggingface.co/google/gemma-3-1b-it/resolve/main/generation_config.json "HTTP/1.1 200 OK"
[2026-02-19 12:53:29,104][httpx][INFO] - HTTP Request: HEAD https://huggingface.co/google/gemma-3-1b-it/resolve/main/config.json "HTTP/1.1 200 OK"
[2026-02-19 12:53:29,413][httpx][INFO] - HTTP Request: HEAD https://huggingface.co/google/gemma-3-1b-it/resolve/main/config.json "HTTP/1.1 200 OK"
