[2026-02-19 10:07:05,873][httpx][INFO] - HTTP Request: HEAD https://huggingface.co/google/gemma-3-1b-it/resolve/main/config.json "HTTP/1.1 200 OK"
[2026-02-19 10:07:06,296][httpx][INFO] - HTTP Request: HEAD https://huggingface.co/google/gemma-3-1b-it/resolve/main/tokenizer_config.json "HTTP/1.1 200 OK"
[2026-02-19 10:07:06,682][httpx][INFO] - HTTP Request: GET https://huggingface.co/api/models/google/gemma-3-1b-it/tree/main/additional_chat_templates?recursive=false&expand=false "HTTP/1.1 404 Not Found"
[2026-02-19 10:07:07,030][httpx][INFO] - HTTP Request: GET https://huggingface.co/api/models/google/gemma-3-1b-it/tree/main?recursive=true&expand=false "HTTP/1.1 200 OK"
[2026-02-19 10:07:08,954][httpx][INFO] - HTTP Request: HEAD https://huggingface.co/datasets/databricks/databricks-dolly-15k/resolve/main/README.md "HTTP/1.1 307 Temporary Redirect"
[2026-02-19 10:07:08,966][httpx][INFO] - HTTP Request: HEAD https://huggingface.co/api/resolve-cache/datasets/databricks/databricks-dolly-15k/bdd27f4d94b9c1f951818a7da7fd7aeea5dbff1a/README.md "HTTP/1.1 200 OK"
[2026-02-19 10:07:09,275][httpx][INFO] - HTTP Request: HEAD https://huggingface.co/datasets/databricks/databricks-dolly-15k/resolve/bdd27f4d94b9c1f951818a7da7fd7aeea5dbff1a/databricks-dolly-15k.py "HTTP/1.1 404 Not Found"
[2026-02-19 10:07:10,010][httpx][INFO] - HTTP Request: HEAD https://s3.amazonaws.com/datasets.huggingface.co/datasets/datasets/databricks/databricks-dolly-15k/databricks/databricks-dolly-15k.py "HTTP/1.1 404 Not Found"
[2026-02-19 10:07:10,336][httpx][INFO] - HTTP Request: GET https://huggingface.co/api/datasets/databricks/databricks-dolly-15k/revision/bdd27f4d94b9c1f951818a7da7fd7aeea5dbff1a "HTTP/1.1 200 OK"
[2026-02-19 10:07:10,687][httpx][INFO] - HTTP Request: HEAD https://huggingface.co/datasets/databricks/databricks-dolly-15k/resolve/bdd27f4d94b9c1f951818a7da7fd7aeea5dbff1a/.huggingface.yaml "HTTP/1.1 404 Not Found"
[2026-02-19 10:07:11,052][httpx][INFO] - HTTP Request: GET https://datasets-server.huggingface.co/info?dataset=databricks/databricks-dolly-15k "HTTP/1.1 200 OK"
[2026-02-19 10:07:11,353][httpx][INFO] - HTTP Request: GET https://huggingface.co/api/datasets/databricks/databricks-dolly-15k/tree/bdd27f4d94b9c1f951818a7da7fd7aeea5dbff1a/data?recursive=true&expand=false "HTTP/1.1 404 Not Found"
[2026-02-19 10:07:11,647][httpx][INFO] - HTTP Request: GET https://huggingface.co/api/datasets/databricks/databricks-dolly-15k/tree/bdd27f4d94b9c1f951818a7da7fd7aeea5dbff1a?recursive=false&expand=false "HTTP/1.1 200 OK"
[2026-02-19 10:07:12,096][httpx][INFO] - HTTP Request: HEAD https://huggingface.co/datasets/databricks/databricks-dolly-15k/resolve/bdd27f4d94b9c1f951818a7da7fd7aeea5dbff1a/dataset_infos.json "HTTP/1.1 404 Not Found"
[2026-02-19 10:07:18,571][httpx][INFO] - HTTP Request: HEAD https://huggingface.co/google/gemma-3-1b-it/resolve/main/config.json "HTTP/1.1 200 OK"
[2026-02-19 10:07:18,978][httpx][INFO] - HTTP Request: HEAD https://huggingface.co/google/gemma-3-1b-it/resolve/main/tokenizer_config.json "HTTP/1.1 200 OK"
[2026-02-19 10:07:19,313][httpx][INFO] - HTTP Request: GET https://huggingface.co/api/models/google/gemma-3-1b-it/tree/main/additional_chat_templates?recursive=false&expand=false "HTTP/1.1 404 Not Found"
[2026-02-19 10:07:19,628][httpx][INFO] - HTTP Request: GET https://huggingface.co/api/models/google/gemma-3-1b-it/tree/main?recursive=true&expand=false "HTTP/1.1 200 OK"
[2026-02-19 10:07:22,013][httpx][INFO] - HTTP Request: HEAD https://s3.amazonaws.com/datasets.huggingface.co/datasets/datasets/json/json.py "HTTP/1.1 200 OK"
[2026-02-19 10:07:24,886][httpx][INFO] - HTTP Request: HEAD https://huggingface.co/google/gemma-3-1b-it/resolve/main/config.json "HTTP/1.1 200 OK"
[2026-02-19 10:07:25,339][httpx][INFO] - HTTP Request: HEAD https://huggingface.co/google/gemma-3-1b-it/resolve/main/config.json "HTTP/1.1 200 OK"
[2026-02-19 10:07:25,801][httpx][INFO] - HTTP Request: HEAD https://huggingface.co/google/gemma-3-1b-it/resolve/main/generation_config.json "HTTP/1.1 200 OK"
