[2026-02-19 10:31:34,279][httpx][INFO] - HTTP Request: HEAD https://huggingface.co/google/gemma-3-1b-it/resolve/main/config.json "HTTP/1.1 200 OK"
[2026-02-19 10:31:34,632][httpx][INFO] - HTTP Request: HEAD https://huggingface.co/google/gemma-3-1b-it/resolve/main/tokenizer_config.json "HTTP/1.1 200 OK"
[2026-02-19 10:31:34,948][httpx][INFO] - HTTP Request: GET https://huggingface.co/api/models/google/gemma-3-1b-it/tree/main/additional_chat_templates?recursive=false&expand=false "HTTP/1.1 404 Not Found"
[2026-02-19 10:31:35,252][httpx][INFO] - HTTP Request: GET https://huggingface.co/api/models/google/gemma-3-1b-it/tree/main?recursive=true&expand=false "HTTP/1.1 200 OK"
[2026-02-19 10:31:37,183][httpx][INFO] - HTTP Request: HEAD https://huggingface.co/datasets/databricks/databricks-dolly-15k/resolve/main/README.md "HTTP/1.1 307 Temporary Redirect"
[2026-02-19 10:31:37,198][httpx][INFO] - HTTP Request: HEAD https://huggingface.co/api/resolve-cache/datasets/databricks/databricks-dolly-15k/bdd27f4d94b9c1f951818a7da7fd7aeea5dbff1a/README.md "HTTP/1.1 200 OK"
[2026-02-19 10:31:37,491][httpx][INFO] - HTTP Request: HEAD https://huggingface.co/datasets/databricks/databricks-dolly-15k/resolve/bdd27f4d94b9c1f951818a7da7fd7aeea5dbff1a/databricks-dolly-15k.py "HTTP/1.1 404 Not Found"
[2026-02-19 10:31:38,229][httpx][INFO] - HTTP Request: HEAD https://s3.amazonaws.com/datasets.huggingface.co/datasets/datasets/databricks/databricks-dolly-15k/databricks/databricks-dolly-15k.py "HTTP/1.1 404 Not Found"
[2026-02-19 10:31:38,538][httpx][INFO] - HTTP Request: GET https://huggingface.co/api/datasets/databricks/databricks-dolly-15k/revision/bdd27f4d94b9c1f951818a7da7fd7aeea5dbff1a "HTTP/1.1 200 OK"
[2026-02-19 10:31:38,866][httpx][INFO] - HTTP Request: HEAD https://huggingface.co/datasets/databricks/databricks-dolly-15k/resolve/bdd27f4d94b9c1f951818a7da7fd7aeea5dbff1a/.huggingface.yaml "HTTP/1.1 404 Not Found"
[2026-02-19 10:31:39,303][httpx][INFO] - HTTP Request: GET https://datasets-server.huggingface.co/info?dataset=databricks/databricks-dolly-15k "HTTP/1.1 200 OK"
[2026-02-19 10:31:39,687][httpx][INFO] - HTTP Request: GET https://huggingface.co/api/datasets/databricks/databricks-dolly-15k/tree/bdd27f4d94b9c1f951818a7da7fd7aeea5dbff1a/data?recursive=true&expand=false "HTTP/1.1 404 Not Found"
[2026-02-19 10:31:39,990][httpx][INFO] - HTTP Request: GET https://huggingface.co/api/datasets/databricks/databricks-dolly-15k/tree/bdd27f4d94b9c1f951818a7da7fd7aeea5dbff1a?recursive=false&expand=false "HTTP/1.1 200 OK"
[2026-02-19 10:31:40,353][httpx][INFO] - HTTP Request: HEAD https://huggingface.co/datasets/databricks/databricks-dolly-15k/resolve/bdd27f4d94b9c1f951818a7da7fd7aeea5dbff1a/dataset_infos.json "HTTP/1.1 404 Not Found"
[2026-02-19 10:31:43,112][httpx][INFO] - HTTP Request: HEAD https://huggingface.co/google/gemma-3-1b-it/resolve/main/config.json "HTTP/1.1 200 OK"
[2026-02-19 10:31:43,799][httpx][INFO] - HTTP Request: HEAD https://huggingface.co/google/gemma-3-1b-it/resolve/main/tokenizer_config.json "HTTP/1.1 200 OK"
[2026-02-19 10:31:44,179][httpx][INFO] - HTTP Request: GET https://huggingface.co/api/models/google/gemma-3-1b-it/tree/main/additional_chat_templates?recursive=false&expand=false "HTTP/1.1 404 Not Found"
[2026-02-19 10:31:44,486][httpx][INFO] - HTTP Request: GET https://huggingface.co/api/models/google/gemma-3-1b-it/tree/main?recursive=true&expand=false "HTTP/1.1 200 OK"
[2026-02-19 10:31:47,035][httpx][INFO] - HTTP Request: HEAD https://s3.amazonaws.com/datasets.huggingface.co/datasets/datasets/json/json.py "HTTP/1.1 200 OK"
[2026-02-19 10:31:49,902][httpx][INFO] - HTTP Request: HEAD https://huggingface.co/google/gemma-3-1b-it/resolve/main/config.json "HTTP/1.1 200 OK"
[2026-02-19 10:31:50,488][httpx][INFO] - HTTP Request: HEAD https://huggingface.co/google/gemma-3-1b-it/resolve/main/config.json "HTTP/1.1 200 OK"
[2026-02-19 10:31:50,995][httpx][INFO] - HTTP Request: HEAD https://huggingface.co/google/gemma-3-1b-it/resolve/main/generation_config.json "HTTP/1.1 200 OK"
[2026-02-19 10:51:52,778][httpx][INFO] - HTTP Request: HEAD https://huggingface.co/google/gemma-3-1b-it/resolve/main/config.json "HTTP/1.1 200 OK"
[2026-02-19 10:51:53,160][httpx][INFO] - HTTP Request: HEAD https://huggingface.co/google/gemma-3-1b-it/resolve/main/config.json "HTTP/1.1 200 OK"
