[2026-02-19 12:31:04,989][httpx][INFO] - HTTP Request: HEAD https://huggingface.co/google/gemma-3-1b-it/resolve/main/config.json "HTTP/1.1 200 OK"
[2026-02-19 12:31:05,312][httpx][INFO] - HTTP Request: HEAD https://huggingface.co/google/gemma-3-1b-it/resolve/main/tokenizer_config.json "HTTP/1.1 200 OK"
[2026-02-19 12:31:05,839][httpx][INFO] - HTTP Request: GET https://huggingface.co/api/models/google/gemma-3-1b-it/tree/main/additional_chat_templates?recursive=false&expand=false "HTTP/1.1 404 Not Found"
[2026-02-19 12:31:06,131][httpx][INFO] - HTTP Request: GET https://huggingface.co/api/models/google/gemma-3-1b-it/tree/main?recursive=true&expand=false "HTTP/1.1 200 OK"
[2026-02-19 12:31:07,915][httpx][INFO] - HTTP Request: HEAD https://huggingface.co/datasets/databricks/databricks-dolly-15k/resolve/main/README.md "HTTP/1.1 307 Temporary Redirect"
[2026-02-19 12:31:07,949][httpx][INFO] - HTTP Request: HEAD https://huggingface.co/api/resolve-cache/datasets/databricks/databricks-dolly-15k/bdd27f4d94b9c1f951818a7da7fd7aeea5dbff1a/README.md "HTTP/1.1 200 OK"
[2026-02-19 12:31:08,258][httpx][INFO] - HTTP Request: HEAD https://huggingface.co/datasets/databricks/databricks-dolly-15k/resolve/bdd27f4d94b9c1f951818a7da7fd7aeea5dbff1a/databricks-dolly-15k.py "HTTP/1.1 404 Not Found"
[2026-02-19 12:31:09,310][httpx][INFO] - HTTP Request: HEAD https://s3.amazonaws.com/datasets.huggingface.co/datasets/datasets/databricks/databricks-dolly-15k/databricks/databricks-dolly-15k.py "HTTP/1.1 404 Not Found"
[2026-02-19 12:31:09,620][httpx][INFO] - HTTP Request: GET https://huggingface.co/api/datasets/databricks/databricks-dolly-15k/revision/bdd27f4d94b9c1f951818a7da7fd7aeea5dbff1a "HTTP/1.1 200 OK"
[2026-02-19 12:31:09,952][httpx][INFO] - HTTP Request: HEAD https://huggingface.co/datasets/databricks/databricks-dolly-15k/resolve/bdd27f4d94b9c1f951818a7da7fd7aeea5dbff1a/.huggingface.yaml "HTTP/1.1 404 Not Found"
[2026-02-19 12:31:10,309][httpx][INFO] - HTTP Request: GET https://datasets-server.huggingface.co/info?dataset=databricks/databricks-dolly-15k "HTTP/1.1 200 OK"
[2026-02-19 12:31:10,649][httpx][INFO] - HTTP Request: GET https://huggingface.co/api/datasets/databricks/databricks-dolly-15k/tree/bdd27f4d94b9c1f951818a7da7fd7aeea5dbff1a/data?recursive=true&expand=false "HTTP/1.1 404 Not Found"
[2026-02-19 12:31:10,957][httpx][INFO] - HTTP Request: GET https://huggingface.co/api/datasets/databricks/databricks-dolly-15k/tree/bdd27f4d94b9c1f951818a7da7fd7aeea5dbff1a?recursive=false&expand=false "HTTP/1.1 200 OK"
[2026-02-19 12:31:11,623][httpx][INFO] - HTTP Request: HEAD https://huggingface.co/datasets/databricks/databricks-dolly-15k/resolve/bdd27f4d94b9c1f951818a7da7fd7aeea5dbff1a/dataset_infos.json "HTTP/1.1 404 Not Found"
[2026-02-19 12:31:14,431][httpx][INFO] - HTTP Request: HEAD https://huggingface.co/google/gemma-3-1b-it/resolve/main/config.json "HTTP/1.1 200 OK"
[2026-02-19 12:31:14,805][httpx][INFO] - HTTP Request: HEAD https://huggingface.co/google/gemma-3-1b-it/resolve/main/tokenizer_config.json "HTTP/1.1 200 OK"
[2026-02-19 12:31:15,117][httpx][INFO] - HTTP Request: GET https://huggingface.co/api/models/google/gemma-3-1b-it/tree/main/additional_chat_templates?recursive=false&expand=false "HTTP/1.1 404 Not Found"
[2026-02-19 12:31:15,419][httpx][INFO] - HTTP Request: GET https://huggingface.co/api/models/google/gemma-3-1b-it/tree/main?recursive=true&expand=false "HTTP/1.1 200 OK"
[2026-02-19 12:31:17,938][httpx][INFO] - HTTP Request: HEAD https://s3.amazonaws.com/datasets.huggingface.co/datasets/datasets/json/json.py "HTTP/1.1 200 OK"
[2026-02-19 12:31:20,961][httpx][INFO] - HTTP Request: HEAD https://huggingface.co/google/gemma-3-1b-it/resolve/main/config.json "HTTP/1.1 200 OK"
[2026-02-19 12:31:21,363][httpx][INFO] - HTTP Request: HEAD https://huggingface.co/google/gemma-3-1b-it/resolve/main/config.json "HTTP/1.1 200 OK"
[2026-02-19 12:31:21,870][httpx][INFO] - HTTP Request: HEAD https://huggingface.co/google/gemma-3-1b-it/resolve/main/generation_config.json "HTTP/1.1 200 OK"
